2024-09-22 10:42:18.222 [main] DEBUG o.s.b.c.l.ClasspathLoggingApplicationListener - Application started with classpath: [file:/H:/jdk/jdk1.8/jre/lib/charsets.jar, file:/H:/jdk/jdk1.8/jre/lib/deploy.jar, file:/H:/jdk/jdk1.8/jre/lib/ext/access-bridge-64.jar, file:/H:/jdk/jdk1.8/jre/lib/ext/cldrdata.jar, file:/H:/jdk/jdk1.8/jre/lib/ext/dnsns.jar, file:/H:/jdk/jdk1.8/jre/lib/ext/jaccess.jar, file:/H:/jdk/jdk1.8/jre/lib/ext/jfxrt.jar, file:/H:/jdk/jdk1.8/jre/lib/ext/localedata.jar, file:/H:/jdk/jdk1.8/jre/lib/ext/nashorn.jar, file:/H:/jdk/jdk1.8/jre/lib/ext/sunec.jar, file:/H:/jdk/jdk1.8/jre/lib/ext/sunjce_provider.jar, file:/H:/jdk/jdk1.8/jre/lib/ext/sunmscapi.jar, file:/H:/jdk/jdk1.8/jre/lib/ext/sunpkcs11.jar, file:/H:/jdk/jdk1.8/jre/lib/ext/zipfs.jar, file:/H:/jdk/jdk1.8/jre/lib/javaws.jar, file:/H:/jdk/jdk1.8/jre/lib/jce.jar, file:/H:/jdk/jdk1.8/jre/lib/jfr.jar, file:/H:/jdk/jdk1.8/jre/lib/jfxswt.jar, file:/H:/jdk/jdk1.8/jre/lib/jsse.jar, file:/H:/jdk/jdk1.8/jre/lib/management-agent.jar, file:/H:/jdk/jdk1.8/jre/lib/plugin.jar, file:/H:/jdk/jdk1.8/jre/lib/resources.jar, file:/H:/jdk/jdk1.8/jre/lib/rt.jar, file:/D:/Projects/studentManager/user/user-service/target/classes/, file:/D:/repository/org/springframework/boot/spring-boot-starter-web/2.3.8.RELEASE/spring-boot-starter-web-2.3.8.RELEASE.jar, file:/D:/repository/org/springframework/boot/spring-boot-starter/2.3.8.RELEASE/spring-boot-starter-2.3.8.RELEASE.jar, file:/D:/repository/org/springframework/boot/spring-boot/2.3.8.RELEASE/spring-boot-2.3.8.RELEASE.jar, file:/D:/repository/org/springframework/boot/spring-boot-starter-logging/2.3.8.RELEASE/spring-boot-starter-logging-2.3.8.RELEASE.jar, file:/D:/repository/ch/qos/logback/logback-classic/1.2.3/logback-classic-1.2.3.jar, file:/D:/repository/ch/qos/logback/logback-core/1.2.3/logback-core-1.2.3.jar, file:/D:/repository/org/apache/logging/log4j/log4j-to-slf4j/2.13.3/log4j-to-slf4j-2.13.3.jar, file:/D:/repository/org/apache/logging/log4j/log4j-api/2.13.3/log4j-api-2.13.3.jar, file:/D:/repository/org/slf4j/jul-to-slf4j/1.7.30/jul-to-slf4j-1.7.30.jar, file:/D:/repository/jakarta/annotation/jakarta.annotation-api/1.3.5/jakarta.annotation-api-1.3.5.jar, file:/D:/repository/org/springframework/spring-core/5.2.12.RELEASE/spring-core-5.2.12.RELEASE.jar, file:/D:/repository/org/springframework/spring-jcl/5.2.12.RELEASE/spring-jcl-5.2.12.RELEASE.jar, file:/D:/repository/org/yaml/snakeyaml/1.26/snakeyaml-1.26.jar, file:/D:/repository/org/springframework/boot/spring-boot-starter-json/2.3.8.RELEASE/spring-boot-starter-json-2.3.8.RELEASE.jar, file:/D:/repository/com/fasterxml/jackson/core/jackson-databind/2.11.4/jackson-databind-2.11.4.jar, file:/D:/repository/com/fasterxml/jackson/core/jackson-annotations/2.11.4/jackson-annotations-2.11.4.jar, file:/D:/repository/com/fasterxml/jackson/core/jackson-core/2.11.4/jackson-core-2.11.4.jar, file:/D:/repository/com/fasterxml/jackson/datatype/jackson-datatype-jdk8/2.11.4/jackson-datatype-jdk8-2.11.4.jar, file:/D:/repository/com/fasterxml/jackson/datatype/jackson-datatype-jsr310/2.11.4/jackson-datatype-jsr310-2.11.4.jar, file:/D:/repository/com/fasterxml/jackson/module/jackson-module-parameter-names/2.11.4/jackson-module-parameter-names-2.11.4.jar, file:/D:/repository/org/springframework/boot/spring-boot-starter-tomcat/2.3.8.RELEASE/spring-boot-starter-tomcat-2.3.8.RELEASE.jar, file:/D:/repository/org/apache/tomcat/embed/tomcat-embed-core/9.0.41/tomcat-embed-core-9.0.41.jar, file:/D:/repository/org/glassfish/jakarta.el/3.0.3/jakarta.el-3.0.3.jar, file:/D:/repository/org/apache/tomcat/embed/tomcat-embed-websocket/9.0.41/tomcat-embed-websocket-9.0.41.jar, file:/D:/repository/org/springframework/spring-web/5.2.12.RELEASE/spring-web-5.2.12.RELEASE.jar, file:/D:/repository/org/springframework/spring-beans/5.2.12.RELEASE/spring-beans-5.2.12.RELEASE.jar, file:/D:/repository/org/springframework/spring-webmvc/5.2.12.RELEASE/spring-webmvc-5.2.12.RELEASE.jar, file:/D:/repository/org/springframework/spring-aop/5.2.12.RELEASE/spring-aop-5.2.12.RELEASE.jar, file:/D:/repository/org/springframework/spring-context/5.2.12.RELEASE/spring-context-5.2.12.RELEASE.jar, file:/D:/repository/org/springframework/spring-expression/5.2.12.RELEASE/spring-expression-5.2.12.RELEASE.jar, file:/D:/Projects/studentManager/user/user-api/target/classes/, file:/D:/Projects/studentManager/common/target/classes/, file:/D:/repository/com/github/pagehelper/pagehelper/5.1.2/pagehelper-5.1.2.jar, file:/D:/repository/com/github/jsqlparser/jsqlparser/1.0/jsqlparser-1.0.jar, file:/D:/repository/org/apache/commons/commons-lang3/3.10/commons-lang3-3.10.jar, file:/D:/repository/io/jsonwebtoken/jjwt/0.9.1/jjwt-0.9.1.jar, file:/D:/repository/cn/hutool/hutool-all/5.3.2/hutool-all-5.3.2.jar, file:/D:/repository/org/projectlombok/lombok/1.18.16/lombok-1.18.16.jar, file:/D:/repository/com/baomidou/mybatis-plus-boot-starter/3.5.2/mybatis-plus-boot-starter-3.5.2.jar, file:/D:/repository/com/baomidou/mybatis-plus/3.5.2/mybatis-plus-3.5.2.jar, file:/D:/repository/com/baomidou/mybatis-plus-extension/3.5.2/mybatis-plus-extension-3.5.2.jar, file:/D:/repository/com/baomidou/mybatis-plus-core/3.5.2/mybatis-plus-core-3.5.2.jar, file:/D:/repository/com/baomidou/mybatis-plus-annotation/3.5.2/mybatis-plus-annotation-3.5.2.jar, file:/D:/repository/org/mybatis/mybatis/3.5.10/mybatis-3.5.10.jar, file:/D:/repository/org/mybatis/mybatis-spring/2.0.7/mybatis-spring-2.0.7.jar, file:/D:/repository/org/jetbrains/kotlin/kotlin-stdlib-jdk8/1.3.72/kotlin-stdlib-jdk8-1.3.72.jar, file:/D:/repository/org/jetbrains/kotlin/kotlin-stdlib/1.3.72/kotlin-stdlib-1.3.72.jar, file:/D:/repository/org/jetbrains/kotlin/kotlin-stdlib-common/1.3.72/kotlin-stdlib-common-1.3.72.jar, file:/D:/repository/org/jetbrains/annotations/13.0/annotations-13.0.jar, file:/D:/repository/org/jetbrains/kotlin/kotlin-stdlib-jdk7/1.3.72/kotlin-stdlib-jdk7-1.3.72.jar, file:/D:/repository/org/springframework/boot/spring-boot-autoconfigure/2.3.8.RELEASE/spring-boot-autoconfigure-2.3.8.RELEASE.jar, file:/D:/repository/org/springframework/boot/spring-boot-starter-jdbc/2.3.8.RELEASE/spring-boot-starter-jdbc-2.3.8.RELEASE.jar, file:/D:/repository/com/zaxxer/HikariCP/3.4.5/HikariCP-3.4.5.jar, file:/D:/repository/org/springframework/spring-jdbc/5.2.12.RELEASE/spring-jdbc-5.2.12.RELEASE.jar, file:/D:/repository/org/springframework/boot/spring-boot-starter-amqp/2.3.8.RELEASE/spring-boot-starter-amqp-2.3.8.RELEASE.jar, file:/D:/repository/org/springframework/spring-messaging/5.2.12.RELEASE/spring-messaging-5.2.12.RELEASE.jar, file:/D:/repository/org/springframework/amqp/spring-rabbit/2.2.14.RELEASE/spring-rabbit-2.2.14.RELEASE.jar, file:/D:/repository/com/rabbitmq/amqp-client/5.9.0/amqp-client-5.9.0.jar, file:/D:/repository/org/springframework/amqp/spring-amqp/2.2.14.RELEASE/spring-amqp-2.2.14.RELEASE.jar, file:/D:/repository/org/springframework/retry/spring-retry/1.2.5.RELEASE/spring-retry-1.2.5.RELEASE.jar, file:/D:/repository/org/springframework/spring-tx/5.2.12.RELEASE/spring-tx-5.2.12.RELEASE.jar, file:/D:/repository/org/springframework/cloud/spring-cloud-starter-openfeign/2.2.6.RELEASE/spring-cloud-starter-openfeign-2.2.6.RELEASE.jar, file:/D:/repository/org/springframework/cloud/spring-cloud-starter/2.2.6.RELEASE/spring-cloud-starter-2.2.6.RELEASE.jar, file:/D:/repository/org/springframework/cloud/spring-cloud-context/2.2.6.RELEASE/spring-cloud-context-2.2.6.RELEASE.jar, file:/D:/repository/org/springframework/security/spring-security-rsa/1.0.9.RELEASE/spring-security-rsa-1.0.9.RELEASE.jar, file:/D:/repository/org/bouncycastle/bcpkix-jdk15on/1.64/bcpkix-jdk15on-1.64.jar, file:/D:/repository/org/bouncycastle/bcprov-jdk15on/1.64/bcprov-jdk15on-1.64.jar, file:/D:/repository/org/springframework/cloud/spring-cloud-openfeign-core/2.2.6.RELEASE/spring-cloud-openfeign-core-2.2.6.RELEASE.jar, file:/D:/repository/org/springframework/cloud/spring-cloud-netflix-ribbon/2.2.6.RELEASE/spring-cloud-netflix-ribbon-2.2.6.RELEASE.jar, file:/D:/repository/org/springframework/cloud/spring-cloud-netflix-archaius/2.2.6.RELEASE/spring-cloud-netflix-archaius-2.2.6.RELEASE.jar, file:/D:/repository/org/springframework/boot/spring-boot-starter-aop/2.3.8.RELEASE/spring-boot-starter-aop-2.3.8.RELEASE.jar, file:/D:/repository/org/aspectj/aspectjweaver/1.9.6/aspectjweaver-1.9.6.jar, file:/D:/repository/io/github/openfeign/form/feign-form-spring/3.8.0/feign-form-spring-3.8.0.jar, file:/D:/repository/io/github/openfeign/form/feign-form/3.8.0/feign-form-3.8.0.jar, file:/D:/repository/commons-fileupload/commons-fileupload/1.4/commons-fileupload-1.4.jar, file:/D:/repository/commons-io/commons-io/2.2/commons-io-2.2.jar, file:/D:/repository/org/springframework/cloud/spring-cloud-commons/2.2.6.RELEASE/spring-cloud-commons-2.2.6.RELEASE.jar, file:/D:/repository/org/springframework/security/spring-security-crypto/5.3.6.RELEASE/spring-security-crypto-5.3.6.RELEASE.jar, file:/D:/repository/io/github/openfeign/feign-core/10.10.1/feign-core-10.10.1.jar, file:/D:/repository/io/github/openfeign/feign-slf4j/10.10.1/feign-slf4j-10.10.1.jar, file:/D:/repository/org/slf4j/slf4j-api/1.7.30/slf4j-api-1.7.30.jar, file:/D:/repository/io/github/openfeign/feign-hystrix/10.10.1/feign-hystrix-10.10.1.jar, file:/D:/repository/com/netflix/archaius/archaius-core/0.7.6/archaius-core-0.7.6.jar, file:/D:/repository/com/google/code/findbugs/jsr305/3.0.1/jsr305-3.0.1.jar, file:/D:/repository/commons-configuration/commons-configuration/1.8/commons-configuration-1.8.jar, file:/D:/repository/commons-lang/commons-lang/2.6/commons-lang-2.6.jar, file:/D:/repository/com/google/guava/guava/29.0-jre/guava-29.0-jre.jar, file:/D:/repository/com/google/guava/failureaccess/1.0.1/failureaccess-1.0.1.jar, file:/D:/repository/com/google/guava/listenablefuture/9999.0-empty-to-avoid-conflict-with-guava/listenablefuture-9999.0-empty-to-avoid-conflict-with-guava.jar, file:/D:/repository/org/checkerframework/checker-qual/2.11.1/checker-qual-2.11.1.jar, file:/D:/repository/com/google/errorprone/error_prone_annotations/2.3.4/error_prone_annotations-2.3.4.jar, file:/D:/repository/com/google/j2objc/j2objc-annotations/1.3/j2objc-annotations-1.3.jar, file:/D:/repository/com/netflix/hystrix/hystrix-core/1.5.18/hystrix-core-1.5.18.jar, file:/D:/repository/io/reactivex/rxjava/1.3.8/rxjava-1.3.8.jar, file:/D:/repository/org/hdrhistogram/HdrHistogram/2.1.9/HdrHistogram-2.1.9.jar, file:/D:/repository/com/alibaba/fastjson/1.2.80/fastjson-1.2.80.jar, file:/D:/repository/org/springframework/boot/spring-boot-starter-data-redis/2.3.8.RELEASE/spring-boot-starter-data-redis-2.3.8.RELEASE.jar, file:/D:/repository/org/springframework/data/spring-data-redis/2.3.6.RELEASE/spring-data-redis-2.3.6.RELEASE.jar, file:/D:/repository/org/springframework/data/spring-data-keyvalue/2.3.6.RELEASE/spring-data-keyvalue-2.3.6.RELEASE.jar, file:/D:/repository/org/springframework/data/spring-data-commons/2.3.6.RELEASE/spring-data-commons-2.3.6.RELEASE.jar, file:/D:/repository/org/springframework/spring-oxm/5.2.12.RELEASE/spring-oxm-5.2.12.RELEASE.jar, file:/D:/repository/org/springframework/spring-context-support/5.2.12.RELEASE/spring-context-support-5.2.12.RELEASE.jar, file:/D:/repository/io/lettuce/lettuce-core/5.3.6.RELEASE/lettuce-core-5.3.6.RELEASE.jar, file:/D:/repository/io/netty/netty-common/4.1.58.Final/netty-common-4.1.58.Final.jar, file:/D:/repository/io/netty/netty-handler/4.1.58.Final/netty-handler-4.1.58.Final.jar, file:/D:/repository/io/netty/netty-resolver/4.1.58.Final/netty-resolver-4.1.58.Final.jar, file:/D:/repository/io/netty/netty-buffer/4.1.58.Final/netty-buffer-4.1.58.Final.jar, file:/D:/repository/io/netty/netty-codec/4.1.58.Final/netty-codec-4.1.58.Final.jar, file:/D:/repository/io/netty/netty-transport/4.1.58.Final/netty-transport-4.1.58.Final.jar, file:/D:/repository/io/projectreactor/reactor-core/3.3.13.RELEASE/reactor-core-3.3.13.RELEASE.jar, file:/D:/repository/org/reactivestreams/reactive-streams/1.0.3/reactive-streams-1.0.3.jar, file:/D:/repository/mysql/mysql-connector-java/8.0.22/mysql-connector-java-8.0.22.jar, file:/H:/%e5%8a%9e%e5%85%ac%e8%bd%af%e4%bb%b6/IDEA/2023.2/lib/idea_rt.jar, file:/H:/%e5%8a%9e%e5%85%ac%e8%bd%af%e4%bb%b6/IDEA/2023.2/plugins/java/lib/rt/debugger-agent.jar]
2024-09-22 10:42:18.362 [main] DEBUG org.springframework.boot.SpringApplication - Loading source class org.springframework.cloud.bootstrap.BootstrapImportSelectorConfiguration
2024-09-22 10:42:18.419 [main] DEBUG o.s.c.a.AnnotationConfigApplicationContext - Refreshing org.springframework.context.annotation.AnnotationConfigApplicationContext@78365cfa
2024-09-22 10:42:18.457 [main] DEBUG o.s.b.factory.support.DefaultListableBeanFactory - Creating shared instance of singleton bean 'org.springframework.context.annotation.internalConfigurationAnnotationProcessor'
2024-09-22 10:42:18.524 [main] DEBUG o.s.b.factory.support.DefaultListableBeanFactory - Creating shared instance of singleton bean 'org.springframework.boot.autoconfigure.internalCachingMetadataReaderFactory'
2024-09-22 10:42:18.550 [background-preinit] WARN  o.s.h.converter.json.Jackson2ObjectMapperBuilder - For Jackson Kotlin classes support please add "com.fasterxml.jackson.module:jackson-module-kotlin" to the classpath
2024-09-22 10:42:18.795 [main] DEBUG o.s.b.factory.support.DefaultListableBeanFactory - Creating shared instance of singleton bean 'propertySourcesPlaceholderConfigurer'
2024-09-22 10:42:18.803 [main] DEBUG o.s.b.factory.support.DefaultListableBeanFactory - Creating shared instance of singleton bean 'org.springframework.context.event.internalEventListenerProcessor'
2024-09-22 10:42:18.806 [main] DEBUG o.s.b.factory.support.DefaultListableBeanFactory - Creating shared instance of singleton bean 'org.springframework.context.event.internalEventListenerFactory'
2024-09-22 10:42:18.808 [main] DEBUG o.s.b.factory.support.DefaultListableBeanFactory - Creating shared instance of singleton bean 'org.springframework.context.annotation.internalAutowiredAnnotationProcessor'
2024-09-22 10:42:18.810 [main] DEBUG o.s.b.factory.support.DefaultListableBeanFactory - Creating shared instance of singleton bean 'org.springframework.context.annotation.internalCommonAnnotationProcessor'
2024-09-22 10:42:18.815 [main] DEBUG o.s.b.factory.support.DefaultListableBeanFactory - Creating shared instance of singleton bean 'org.springframework.boot.context.properties.ConfigurationPropertiesBindingPostProcessor'
2024-09-22 10:42:18.816 [main] DEBUG o.s.b.factory.support.DefaultListableBeanFactory - Creating shared instance of singleton bean 'org.springframework.boot.context.internalConfigurationPropertiesBinder'
2024-09-22 10:42:18.816 [main] DEBUG o.s.b.factory.support.DefaultListableBeanFactory - Creating shared instance of singleton bean 'org.springframework.boot.context.internalConfigurationPropertiesBinderFactory'
2024-09-22 10:42:18.821 [main] DEBUG o.s.b.factory.support.DefaultListableBeanFactory - Creating shared instance of singleton bean 'configurationPropertiesBeans'
2024-09-22 10:42:18.833 [main] DEBUG o.s.b.factory.support.DefaultListableBeanFactory - Creating shared instance of singleton bean 'bootstrapImportSelectorConfiguration'
2024-09-22 10:42:18.835 [main] DEBUG o.s.b.factory.support.DefaultListableBeanFactory - Creating shared instance of singleton bean 'org.springframework.cloud.bootstrap.config.PropertySourceBootstrapConfiguration'
2024-09-22 10:42:18.850 [main] DEBUG o.s.b.factory.support.DefaultListableBeanFactory - Creating shared instance of singleton bean 'org.springframework.boot.context.properties.BoundConfigurationProperties'
2024-09-22 10:42:18.851 [main] DEBUG o.s.b.factory.support.DefaultListableBeanFactory - Creating shared instance of singleton bean 'org.springframework.boot.context.properties.ConfigurationBeanFactoryMetadata'
2024-09-22 10:42:18.851 [main] DEBUG o.s.b.factory.support.DefaultListableBeanFactory - Creating shared instance of singleton bean 'spring.cloud.config-org.springframework.cloud.bootstrap.config.PropertySourceBootstrapProperties'
2024-09-22 10:42:18.868 [main] DEBUG o.s.b.factory.support.DefaultListableBeanFactory - Creating shared instance of singleton bean 'org.springframework.cloud.bootstrap.encrypt.EncryptionBootstrapConfiguration'
2024-09-22 10:42:18.871 [main] DEBUG o.s.b.factory.support.DefaultListableBeanFactory - Creating shared instance of singleton bean 'encrypt-org.springframework.cloud.bootstrap.encrypt.KeyProperties'
2024-09-22 10:42:18.878 [main] DEBUG o.s.b.factory.support.DefaultListableBeanFactory - Creating shared instance of singleton bean 'environmentDecryptApplicationListener'
2024-09-22 10:42:18.879 [main] DEBUG o.s.b.factory.support.DefaultListableBeanFactory - Creating shared instance of singleton bean 'org.springframework.cloud.autoconfigure.ConfigurationPropertiesRebinderAutoConfiguration'
2024-09-22 10:42:18.883 [main] DEBUG o.s.b.factory.support.DefaultListableBeanFactory - Creating shared instance of singleton bean 'configurationPropertiesRebinder'
2024-09-22 10:42:18.884 [main] DEBUG o.s.b.factory.support.DefaultListableBeanFactory - Autowiring by type from bean name 'configurationPropertiesRebinder' via factory method to bean named 'configurationPropertiesBeans'
2024-09-22 10:42:18.893 [main] DEBUG o.s.b.factory.support.DefaultListableBeanFactory - Creating shared instance of singleton bean 'org.springframework.boot.autoconfigure.context.PropertyPlaceholderAutoConfiguration'
2024-09-22 10:42:18.895 [main] DEBUG o.s.b.factory.support.DefaultListableBeanFactory - Creating shared instance of singleton bean 'org.springframework.cloud.util.random.CachedRandomPropertySourceAutoConfiguration'
2024-09-22 10:42:18.919 [main] DEBUG o.s.b.a.l.ConditionEvaluationReportLoggingListener - 


============================
CONDITIONS EVALUATION REPORT
============================


Positive matches:
-----------------

   ConfigurationPropertiesRebinderAutoConfiguration matched:
      - @ConditionalOnBean (types: org.springframework.boot.context.properties.ConfigurationPropertiesBindingPostProcessor; SearchStrategy: all) found bean 'org.springframework.boot.context.properties.ConfigurationPropertiesBindingPostProcessor' (OnBeanCondition)

   ConfigurationPropertiesRebinderAutoConfiguration#configurationPropertiesBeans matched:
      - @ConditionalOnMissingBean (types: org.springframework.cloud.context.properties.ConfigurationPropertiesBeans; SearchStrategy: current) did not find any beans (OnBeanCondition)

   ConfigurationPropertiesRebinderAutoConfiguration#configurationPropertiesRebinder matched:
      - @ConditionalOnMissingBean (types: org.springframework.cloud.context.properties.ConfigurationPropertiesRebinder; SearchStrategy: current) did not find any beans (OnBeanCondition)

   EncryptionBootstrapConfiguration matched:
      - @ConditionalOnClass found required class 'org.springframework.security.crypto.encrypt.TextEncryptor' (OnClassCondition)

   PropertyPlaceholderAutoConfiguration#propertySourcesPlaceholderConfigurer matched:
      - @ConditionalOnMissingBean (types: org.springframework.context.support.PropertySourcesPlaceholderConfigurer; SearchStrategy: current) did not find any beans (OnBeanCondition)


Negative matches:
-----------------

   EncryptionBootstrapConfiguration.RsaEncryptionConfiguration:
      Did not match:
         - Keystore nor key found in Environment (EncryptionBootstrapConfiguration.KeyCondition)
      Matched:
         - @ConditionalOnClass found required class 'org.springframework.security.rsa.crypto.RsaSecretEncryptor' (OnClassCondition)

   EncryptionBootstrapConfiguration.VanillaEncryptionConfiguration:
      Did not match:
         - @ConditionalOnMissingClass found unwanted class 'org.springframework.security.rsa.crypto.RsaSecretEncryptor' (OnClassCondition)


Exclusions:
-----------

    None


Unconditional classes:
----------------------

    None



2024-09-22 10:42:18.921 [main] DEBUG o.s.core.env.PropertySourcesPropertyResolver - Found key 'spring.liveBeansView.mbeanDomain' in PropertySource 'systemProperties' with value of type String
2024-09-22 10:42:19.626 [main] INFO  com.studentManager.user.UserApplication - No active profile set, falling back to default profiles: default
2024-09-22 10:42:20.668 [main] DEBUG c.b.m.autoconfigure.MybatisPlusAutoConfiguration - Searching for mappers annotated with @Mapper
2024-09-22 10:42:20.669 [main] DEBUG c.b.m.autoconfigure.MybatisPlusAutoConfiguration - Using auto-configuration base package 'com.studentManager.user'
2024-09-22 10:42:20.826 [main] INFO  o.s.d.r.config.RepositoryConfigurationDelegate - Multiple Spring Data modules found, entering strict repository configuration mode!
2024-09-22 10:42:20.830 [main] INFO  o.s.d.r.config.RepositoryConfigurationDelegate - Bootstrapping Spring Data Redis repositories in DEFAULT mode.
2024-09-22 10:42:20.870 [main] INFO  o.s.d.r.config.RepositoryConfigurationDelegate - Finished Spring Data repository scanning in 20ms. Found 0 Redis repository interfaces.
2024-09-22 10:42:21.210 [main] INFO  o.springframework.cloud.context.scope.GenericScope - BeanFactory id=50dfbb19-8aab-358a-bfa9-d40c463095b0
2024-09-22 10:42:21.343 [main] INFO  o.s.c.s.PostProcessorRegistrationDelegate$BeanPostProcessorChecker - Bean 'redisConfig' of type [com.studentManager.user.Config.RedisConfig$$EnhancerBySpringCGLIB$$4b338416] is not eligible for getting processed by all BeanPostProcessors (for example: not eligible for auto-proxying)
2024-09-22 10:42:21.702 [main] INFO  o.s.boot.web.embedded.tomcat.TomcatWebServer - Tomcat initialized with port(s): 8082 (http)
2024-09-22 10:42:21.715 [main] INFO  org.apache.coyote.http11.Http11NioProtocol - Initializing ProtocolHandler ["http-nio-8082"]
2024-09-22 10:42:21.715 [main] INFO  org.apache.catalina.core.StandardService - Starting service [Tomcat]
2024-09-22 10:42:21.716 [main] INFO  org.apache.catalina.core.StandardEngine - Starting Servlet engine: [Apache Tomcat/9.0.41]
2024-09-22 10:42:21.863 [main] INFO  o.a.c.core.ContainerBase.[Tomcat].[localhost].[/] - Initializing Spring embedded WebApplicationContext
2024-09-22 10:42:21.863 [main] INFO  o.s.b.w.s.c.ServletWebServerApplicationContext - Root WebApplicationContext: initialization completed in 2216 ms
2024-09-22 10:42:21.962 [main] INFO  com.studentManager.user.filter.GlobleFilter - 过滤器执行了........
2024-09-22 10:42:23.422 [main] DEBUG c.b.m.e.spring.MybatisSqlSessionFactoryBean - Parsed mapper file: 'file [D:\Projects\studentManager\user\user-service\target\classes\mapper\TsMapper.xml]'
2024-09-22 10:42:23.481 [main] DEBUG c.b.m.e.spring.MybatisSqlSessionFactoryBean - Parsed mapper file: 'file [D:\Projects\studentManager\user\user-service\target\classes\mapper\UserMapper.xml]'
2024-09-22 10:42:25.538 [main] WARN  com.netflix.config.sources.URLConfigurationSource - No URLs will be polled as dynamic configuration sources.
2024-09-22 10:42:25.539 [main] INFO  com.netflix.config.sources.URLConfigurationSource - To enable URLs as dynamic configuration sources, define System property archaius.configurationSource.additionalUrls or make config.properties available on classpath.
2024-09-22 10:42:25.546 [main] WARN  com.netflix.config.sources.URLConfigurationSource - No URLs will be polled as dynamic configuration sources.
2024-09-22 10:42:25.547 [main] INFO  com.netflix.config.sources.URLConfigurationSource - To enable URLs as dynamic configuration sources, define System property archaius.configurationSource.additionalUrls or make config.properties available on classpath.
2024-09-22 10:42:25.889 [main] INFO  o.s.scheduling.concurrent.ThreadPoolTaskExecutor - Initializing ExecutorService 'applicationTaskExecutor'
2024-09-22 10:42:25.905 [main] DEBUG o.s.w.s.m.m.a.RequestMappingHandlerAdapter - ControllerAdvice beans: 0 @ModelAttribute, 0 @InitBinder, 1 RequestBodyAdvice, 1 ResponseBodyAdvice
2024-09-22 10:42:26.020 [main] DEBUG o.s.w.s.m.m.a.RequestMappingHandlerMapping - 15 mappings in 'requestMappingHandlerMapping'
2024-09-22 10:42:26.042 [main] DEBUG o.s.web.servlet.handler.SimpleUrlHandlerMapping - Patterns [/webjars/**, /**] in 'resourceHandlerMapping'
2024-09-22 10:42:26.071 [main] DEBUG o.s.w.s.m.m.a.ExceptionHandlerExceptionResolver - ControllerAdvice beans: 0 @ExceptionHandler, 1 ResponseBodyAdvice
2024-09-22 10:42:26.090 [main] DEBUG c.b.m.autoconfigure.MybatisPlusAutoConfiguration - Not found configuration for registering mapper bean using @MapperScan, MapperFactoryBean and MapperScannerConfigurer.
2024-09-22 10:42:26.975 [main] INFO  org.apache.coyote.http11.Http11NioProtocol - Starting ProtocolHandler ["http-nio-8082"]
2024-09-22 10:42:27.004 [main] INFO  o.s.boot.web.embedded.tomcat.TomcatWebServer - Tomcat started on port(s): 8082 (http) with context path ''
2024-09-22 10:42:27.486 [main] INFO  com.studentManager.user.UserApplication - Started UserApplication in 10.758 seconds (JVM running for 12.74)
2024-09-22 10:44:03.972 [SpringContextShutdownHook] INFO  o.s.scheduling.concurrent.ThreadPoolTaskExecutor - Shutting down ExecutorService 'applicationTaskExecutor'
