2024-05-22 11:30:17.270 [main] DEBUG o.s.b.c.l.ClasspathLoggingApplicationListener - Application started with classpath: [file:/H:/jdk/jdk1.8/jre/lib/charsets.jar, file:/H:/jdk/jdk1.8/jre/lib/deploy.jar, file:/H:/jdk/jdk1.8/jre/lib/ext/access-bridge-64.jar, file:/H:/jdk/jdk1.8/jre/lib/ext/cldrdata.jar, file:/H:/jdk/jdk1.8/jre/lib/ext/dnsns.jar, file:/H:/jdk/jdk1.8/jre/lib/ext/jaccess.jar, file:/H:/jdk/jdk1.8/jre/lib/ext/jfxrt.jar, file:/H:/jdk/jdk1.8/jre/lib/ext/localedata.jar, file:/H:/jdk/jdk1.8/jre/lib/ext/nashorn.jar, file:/H:/jdk/jdk1.8/jre/lib/ext/sunec.jar, file:/H:/jdk/jdk1.8/jre/lib/ext/sunjce_provider.jar, file:/H:/jdk/jdk1.8/jre/lib/ext/sunmscapi.jar, file:/H:/jdk/jdk1.8/jre/lib/ext/sunpkcs11.jar, file:/H:/jdk/jdk1.8/jre/lib/ext/zipfs.jar, file:/H:/jdk/jdk1.8/jre/lib/javaws.jar, file:/H:/jdk/jdk1.8/jre/lib/jce.jar, file:/H:/jdk/jdk1.8/jre/lib/jfr.jar, file:/H:/jdk/jdk1.8/jre/lib/jfxswt.jar, file:/H:/jdk/jdk1.8/jre/lib/jsse.jar, file:/H:/jdk/jdk1.8/jre/lib/management-agent.jar, file:/H:/jdk/jdk1.8/jre/lib/plugin.jar, file:/H:/jdk/jdk1.8/jre/lib/resources.jar, file:/H:/jdk/jdk1.8/jre/lib/rt.jar, file:/D:/Projects/studentManager/user/user-service/target/classes/, file:/D:/repository/org/springframework/boot/spring-boot-starter-web/2.3.8.RELEASE/spring-boot-starter-web-2.3.8.RELEASE.jar, file:/D:/repository/org/springframework/boot/spring-boot-starter/2.3.8.RELEASE/spring-boot-starter-2.3.8.RELEASE.jar, file:/D:/repository/org/springframework/boot/spring-boot/2.3.8.RELEASE/spring-boot-2.3.8.RELEASE.jar, file:/D:/repository/org/springframework/boot/spring-boot-starter-logging/2.3.8.RELEASE/spring-boot-starter-logging-2.3.8.RELEASE.jar, file:/D:/repository/ch/qos/logback/logback-classic/1.2.3/logback-classic-1.2.3.jar, file:/D:/repository/ch/qos/logback/logback-core/1.2.3/logback-core-1.2.3.jar, file:/D:/repository/org/apache/logging/log4j/log4j-to-slf4j/2.13.3/log4j-to-slf4j-2.13.3.jar, file:/D:/repository/org/apache/logging/log4j/log4j-api/2.13.3/log4j-api-2.13.3.jar, file:/D:/repository/org/slf4j/jul-to-slf4j/1.7.30/jul-to-slf4j-1.7.30.jar, file:/D:/repository/jakarta/annotation/jakarta.annotation-api/1.3.5/jakarta.annotation-api-1.3.5.jar, file:/D:/repository/org/springframework/spring-core/5.2.12.RELEASE/spring-core-5.2.12.RELEASE.jar, file:/D:/repository/org/springframework/spring-jcl/5.2.12.RELEASE/spring-jcl-5.2.12.RELEASE.jar, file:/D:/repository/org/yaml/snakeyaml/1.26/snakeyaml-1.26.jar, file:/D:/repository/org/springframework/boot/spring-boot-starter-json/2.3.8.RELEASE/spring-boot-starter-json-2.3.8.RELEASE.jar, file:/D:/repository/com/fasterxml/jackson/core/jackson-databind/2.11.4/jackson-databind-2.11.4.jar, file:/D:/repository/com/fasterxml/jackson/core/jackson-annotations/2.11.4/jackson-annotations-2.11.4.jar, file:/D:/repository/com/fasterxml/jackson/datatype/jackson-datatype-jdk8/2.11.4/jackson-datatype-jdk8-2.11.4.jar, file:/D:/repository/com/fasterxml/jackson/datatype/jackson-datatype-jsr310/2.11.4/jackson-datatype-jsr310-2.11.4.jar, file:/D:/repository/com/fasterxml/jackson/module/jackson-module-parameter-names/2.11.4/jackson-module-parameter-names-2.11.4.jar, file:/D:/repository/org/springframework/boot/spring-boot-starter-tomcat/2.3.8.RELEASE/spring-boot-starter-tomcat-2.3.8.RELEASE.jar, file:/D:/repository/org/apache/tomcat/embed/tomcat-embed-core/9.0.41/tomcat-embed-core-9.0.41.jar, file:/D:/repository/org/glassfish/jakarta.el/3.0.3/jakarta.el-3.0.3.jar, file:/D:/repository/org/apache/tomcat/embed/tomcat-embed-websocket/9.0.41/tomcat-embed-websocket-9.0.41.jar, file:/D:/repository/org/springframework/spring-web/5.2.12.RELEASE/spring-web-5.2.12.RELEASE.jar, file:/D:/repository/org/springframework/spring-beans/5.2.12.RELEASE/spring-beans-5.2.12.RELEASE.jar, file:/D:/repository/org/springframework/spring-webmvc/5.2.12.RELEASE/spring-webmvc-5.2.12.RELEASE.jar, file:/D:/repository/org/springframework/spring-aop/5.2.12.RELEASE/spring-aop-5.2.12.RELEASE.jar, file:/D:/repository/org/springframework/spring-context/5.2.12.RELEASE/spring-context-5.2.12.RELEASE.jar, file:/D:/repository/org/springframework/spring-expression/5.2.12.RELEASE/spring-expression-5.2.12.RELEASE.jar, file:/D:/Projects/studentManager/common-service/target/classes/, file:/D:/repository/org/springframework/boot/spring-boot-starter-data-redis/2.3.8.RELEASE/spring-boot-starter-data-redis-2.3.8.RELEASE.jar, file:/D:/repository/org/springframework/data/spring-data-redis/2.3.6.RELEASE/spring-data-redis-2.3.6.RELEASE.jar, file:/D:/repository/org/springframework/data/spring-data-keyvalue/2.3.6.RELEASE/spring-data-keyvalue-2.3.6.RELEASE.jar, file:/D:/repository/org/springframework/data/spring-data-commons/2.3.6.RELEASE/spring-data-commons-2.3.6.RELEASE.jar, file:/D:/repository/org/springframework/spring-tx/5.2.12.RELEASE/spring-tx-5.2.12.RELEASE.jar, file:/D:/repository/org/springframework/spring-oxm/5.2.12.RELEASE/spring-oxm-5.2.12.RELEASE.jar, file:/D:/repository/org/springframework/spring-context-support/5.2.12.RELEASE/spring-context-support-5.2.12.RELEASE.jar, file:/D:/repository/io/lettuce/lettuce-core/5.3.6.RELEASE/lettuce-core-5.3.6.RELEASE.jar, file:/D:/repository/io/netty/netty-common/4.1.58.Final/netty-common-4.1.58.Final.jar, file:/D:/repository/io/netty/netty-handler/4.1.58.Final/netty-handler-4.1.58.Final.jar, file:/D:/repository/io/netty/netty-resolver/4.1.58.Final/netty-resolver-4.1.58.Final.jar, file:/D:/repository/io/netty/netty-buffer/4.1.58.Final/netty-buffer-4.1.58.Final.jar, file:/D:/repository/io/netty/netty-codec/4.1.58.Final/netty-codec-4.1.58.Final.jar, file:/D:/repository/io/netty/netty-transport/4.1.58.Final/netty-transport-4.1.58.Final.jar, file:/D:/repository/io/projectreactor/reactor-core/3.3.13.RELEASE/reactor-core-3.3.13.RELEASE.jar, file:/D:/repository/org/reactivestreams/reactive-streams/1.0.3/reactive-streams-1.0.3.jar, file:/D:/repository/org/apache/commons/commons-lang3/3.10/commons-lang3-3.10.jar, file:/D:/repository/io/jsonwebtoken/jjwt/0.9.1/jjwt-0.9.1.jar, file:/D:/repository/cn/hutool/hutool-all/5.3.2/hutool-all-5.3.2.jar, file:/D:/repository/org/springframework/cloud/spring-cloud-starter-openfeign/2.2.6.RELEASE/spring-cloud-starter-openfeign-2.2.6.RELEASE.jar, file:/D:/repository/org/springframework/cloud/spring-cloud-starter/2.2.6.RELEASE/spring-cloud-starter-2.2.6.RELEASE.jar, file:/D:/repository/org/springframework/security/spring-security-rsa/1.0.9.RELEASE/spring-security-rsa-1.0.9.RELEASE.jar, file:/D:/repository/org/bouncycastle/bcpkix-jdk15on/1.64/bcpkix-jdk15on-1.64.jar, file:/D:/repository/org/bouncycastle/bcprov-jdk15on/1.64/bcprov-jdk15on-1.64.jar, file:/D:/repository/org/springframework/cloud/spring-cloud-openfeign-core/2.2.6.RELEASE/spring-cloud-openfeign-core-2.2.6.RELEASE.jar, file:/D:/repository/org/springframework/cloud/spring-cloud-netflix-ribbon/2.2.6.RELEASE/spring-cloud-netflix-ribbon-2.2.6.RELEASE.jar, file:/D:/repository/org/springframework/cloud/spring-cloud-netflix-archaius/2.2.6.RELEASE/spring-cloud-netflix-archaius-2.2.6.RELEASE.jar, file:/D:/repository/org/springframework/boot/spring-boot-starter-aop/2.3.8.RELEASE/spring-boot-starter-aop-2.3.8.RELEASE.jar, file:/D:/repository/org/aspectj/aspectjweaver/1.9.6/aspectjweaver-1.9.6.jar, file:/D:/repository/io/github/openfeign/form/feign-form-spring/3.8.0/feign-form-spring-3.8.0.jar, file:/D:/repository/io/github/openfeign/form/feign-form/3.8.0/feign-form-3.8.0.jar, file:/D:/repository/commons-fileupload/commons-fileupload/1.4/commons-fileupload-1.4.jar, file:/D:/repository/io/github/openfeign/feign-core/10.10.1/feign-core-10.10.1.jar, file:/D:/repository/io/github/openfeign/feign-slf4j/10.10.1/feign-slf4j-10.10.1.jar, file:/D:/repository/io/github/openfeign/feign-hystrix/10.10.1/feign-hystrix-10.10.1.jar, file:/D:/repository/com/netflix/archaius/archaius-core/0.7.6/archaius-core-0.7.6.jar, file:/D:/repository/commons-configuration/commons-configuration/1.8/commons-configuration-1.8.jar, file:/D:/repository/com/netflix/hystrix/hystrix-core/1.5.18/hystrix-core-1.5.18.jar, file:/D:/repository/org/hdrhistogram/HdrHistogram/2.1.9/HdrHistogram-2.1.9.jar, file:/D:/Projects/studentManager/user/user-api/target/classes/, file:/D:/repository/com/github/pagehelper/pagehelper-spring-boot-starter/1.4.2/pagehelper-spring-boot-starter-1.4.2.jar, file:/D:/repository/org/mybatis/spring/boot/mybatis-spring-boot-starter/2.2.2/mybatis-spring-boot-starter-2.2.2.jar, file:/D:/repository/org/mybatis/spring/boot/mybatis-spring-boot-autoconfigure/2.2.2/mybatis-spring-boot-autoconfigure-2.2.2.jar, file:/D:/repository/org/mybatis/mybatis/3.5.9/mybatis-3.5.9.jar, file:/D:/repository/org/mybatis/mybatis-spring/2.0.7/mybatis-spring-2.0.7.jar, file:/D:/repository/com/github/pagehelper/pagehelper-spring-boot-autoconfigure/1.4.2/pagehelper-spring-boot-autoconfigure-1.4.2.jar, file:/D:/repository/com/github/pagehelper/pagehelper/5.1.2/pagehelper-5.1.2.jar, file:/D:/repository/com/github/jsqlparser/jsqlparser/1.0/jsqlparser-1.0.jar, file:/D:/repository/com/alibaba/cloud/spring-cloud-starter-alibaba-nacos-config/2.2.1.RELEASE/spring-cloud-starter-alibaba-nacos-config-2.2.1.RELEASE.jar, file:/D:/repository/com/alibaba/spring/spring-context-support/1.0.6/spring-context-support-1.0.6.jar, file:/D:/repository/com/alibaba/nacos/nacos-client/1.2.1/nacos-client-1.2.1.jar, file:/D:/repository/com/alibaba/nacos/nacos-common/1.2.1/nacos-common-1.2.1.jar, file:/D:/repository/commons-io/commons-io/2.2/commons-io-2.2.jar, file:/D:/repository/com/alibaba/nacos/nacos-api/1.2.1/nacos-api-1.2.1.jar, file:/D:/repository/com/alibaba/fastjson/1.2.58/fastjson-1.2.58.jar, file:/D:/repository/com/google/guava/guava/29.0-jre/guava-29.0-jre.jar, file:/D:/repository/com/google/guava/failureaccess/1.0.1/failureaccess-1.0.1.jar, file:/D:/repository/com/google/guava/listenablefuture/9999.0-empty-to-avoid-conflict-with-guava/listenablefuture-9999.0-empty-to-avoid-conflict-with-guava.jar, file:/D:/repository/com/google/code/findbugs/jsr305/3.0.2/jsr305-3.0.2.jar, file:/D:/repository/org/checkerframework/checker-qual/2.11.1/checker-qual-2.11.1.jar, file:/D:/repository/com/google/errorprone/error_prone_annotations/2.3.4/error_prone_annotations-2.3.4.jar, file:/D:/repository/com/google/j2objc/j2objc-annotations/1.3/j2objc-annotations-1.3.jar, file:/D:/repository/commons-codec/commons-codec/1.14/commons-codec-1.14.jar, file:/D:/repository/com/fasterxml/jackson/core/jackson-core/2.11.4/jackson-core-2.11.4.jar, file:/D:/repository/io/prometheus/simpleclient/0.5.0/simpleclient-0.5.0.jar, file:/D:/repository/org/springframework/cloud/spring-cloud-commons/2.2.6.RELEASE/spring-cloud-commons-2.2.6.RELEASE.jar, file:/D:/repository/org/springframework/security/spring-security-crypto/5.3.6.RELEASE/spring-security-crypto-5.3.6.RELEASE.jar, file:/D:/repository/org/springframework/cloud/spring-cloud-context/2.2.6.RELEASE/spring-cloud-context-2.2.6.RELEASE.jar, file:/D:/repository/com/baomidou/mybatis-plus-boot-starter/3.5.2/mybatis-plus-boot-starter-3.5.2.jar, file:/D:/repository/com/baomidou/mybatis-plus/3.5.2/mybatis-plus-3.5.2.jar, file:/D:/repository/com/baomidou/mybatis-plus-extension/3.5.2/mybatis-plus-extension-3.5.2.jar, file:/D:/repository/com/baomidou/mybatis-plus-core/3.5.2/mybatis-plus-core-3.5.2.jar, file:/D:/repository/com/baomidou/mybatis-plus-annotation/3.5.2/mybatis-plus-annotation-3.5.2.jar, file:/D:/repository/org/jetbrains/kotlin/kotlin-stdlib-jdk8/1.3.72/kotlin-stdlib-jdk8-1.3.72.jar, file:/D:/repository/org/jetbrains/kotlin/kotlin-stdlib/1.3.72/kotlin-stdlib-1.3.72.jar, file:/D:/repository/org/jetbrains/kotlin/kotlin-stdlib-common/1.3.72/kotlin-stdlib-common-1.3.72.jar, file:/D:/repository/org/jetbrains/annotations/13.0/annotations-13.0.jar, file:/D:/repository/org/jetbrains/kotlin/kotlin-stdlib-jdk7/1.3.72/kotlin-stdlib-jdk7-1.3.72.jar, file:/D:/repository/org/springframework/boot/spring-boot-autoconfigure/2.3.8.RELEASE/spring-boot-autoconfigure-2.3.8.RELEASE.jar, file:/D:/repository/org/springframework/boot/spring-boot-starter-jdbc/2.3.8.RELEASE/spring-boot-starter-jdbc-2.3.8.RELEASE.jar, file:/D:/repository/com/zaxxer/HikariCP/3.4.5/HikariCP-3.4.5.jar, file:/D:/repository/org/springframework/spring-jdbc/5.2.12.RELEASE/spring-jdbc-5.2.12.RELEASE.jar, file:/D:/repository/com/alibaba/cloud/spring-cloud-starter-alibaba-nacos-discovery/2.0.0.RELEASE/spring-cloud-starter-alibaba-nacos-discovery-2.0.0.RELEASE.jar, file:/D:/repository/com/alibaba/cloud/spring-cloud-alibaba-nacos-discovery/2.0.0.RELEASE/spring-cloud-alibaba-nacos-discovery-2.0.0.RELEASE.jar, file:/D:/repository/org/springframework/cloud/spring-cloud-starter-netflix-ribbon/2.2.6.RELEASE/spring-cloud-starter-netflix-ribbon-2.2.6.RELEASE.jar, file:/D:/repository/org/springframework/cloud/spring-cloud-starter-netflix-archaius/2.2.6.RELEASE/spring-cloud-starter-netflix-archaius-2.2.6.RELEASE.jar, file:/D:/repository/com/netflix/ribbon/ribbon/2.3.0/ribbon-2.3.0.jar, file:/D:/repository/com/netflix/ribbon/ribbon-transport/2.3.0/ribbon-transport-2.3.0.jar, file:/D:/repository/io/reactivex/rxnetty-contexts/0.4.9/rxnetty-contexts-0.4.9.jar, file:/D:/repository/io/reactivex/rxnetty-servo/0.4.9/rxnetty-servo-0.4.9.jar, file:/D:/repository/javax/inject/javax.inject/1/javax.inject-1.jar, file:/D:/repository/io/reactivex/rxnetty/0.4.9/rxnetty-0.4.9.jar, file:/D:/repository/com/netflix/ribbon/ribbon-core/2.3.0/ribbon-core-2.3.0.jar, file:/D:/repository/commons-lang/commons-lang/2.6/commons-lang-2.6.jar, file:/D:/repository/com/netflix/ribbon/ribbon-httpclient/2.3.0/ribbon-httpclient-2.3.0.jar, file:/D:/repository/commons-collections/commons-collections/3.2.2/commons-collections-3.2.2.jar, file:/D:/repository/org/apache/httpcomponents/httpclient/4.5.13/httpclient-4.5.13.jar, file:/D:/repository/org/apache/httpcomponents/httpcore/4.4.14/httpcore-4.4.14.jar, file:/D:/repository/com/sun/jersey/jersey-client/1.19.1/jersey-client-1.19.1.jar, file:/D:/repository/com/sun/jersey/jersey-core/1.19.1/jersey-core-1.19.1.jar, file:/D:/repository/javax/ws/rs/jsr311-api/1.1.1/jsr311-api-1.1.1.jar, file:/D:/repository/com/sun/jersey/contribs/jersey-apache-client4/1.19.1/jersey-apache-client4-1.19.1.jar, file:/D:/repository/com/netflix/servo/servo-core/0.12.21/servo-core-0.12.21.jar, file:/D:/repository/com/netflix/netflix-commons/netflix-commons-util/0.3.0/netflix-commons-util-0.3.0.jar, file:/D:/repository/com/netflix/ribbon/ribbon-loadbalancer/2.3.0/ribbon-loadbalancer-2.3.0.jar, file:/D:/repository/com/netflix/netflix-commons/netflix-statistics/0.1.1/netflix-statistics-0.1.1.jar, file:/D:/repository/io/reactivex/rxjava/1.3.8/rxjava-1.3.8.jar, file:/D:/repository/org/projectlombok/lombok/1.18.16/lombok-1.18.16.jar, file:/D:/repository/org/slf4j/slf4j-log4j12/1.7.25/slf4j-log4j12-1.7.25.jar, file:/D:/repository/org/slf4j/slf4j-api/1.7.30/slf4j-api-1.7.30.jar, file:/D:/repository/log4j/log4j/1.2.17/log4j-1.2.17.jar, file:/D:/repository/mysql/mysql-connector-java/8.0.22/mysql-connector-java-8.0.22.jar, file:/H:/%e5%8a%9e%e5%85%ac%e8%bd%af%e4%bb%b6/IDEA/2023.2/lib/idea_rt.jar, file:/H:/%e5%8a%9e%e5%85%ac%e8%bd%af%e4%bb%b6/IDEA/2023.2/plugins/java/lib/rt/debugger-agent.jar]
2024-05-22 11:30:17.419 [main] DEBUG org.springframework.boot.SpringApplication - Loading source class org.springframework.cloud.bootstrap.BootstrapImportSelectorConfiguration
2024-05-22 11:30:17.464 [main] DEBUG o.s.c.a.AnnotationConfigApplicationContext - Refreshing org.springframework.context.annotation.AnnotationConfigApplicationContext@4e70a728
2024-05-22 11:30:17.479 [main] DEBUG o.s.b.factory.support.DefaultListableBeanFactory - Creating shared instance of singleton bean 'org.springframework.context.annotation.internalConfigurationAnnotationProcessor'
2024-05-22 11:30:17.495 [main] DEBUG o.s.b.factory.support.DefaultListableBeanFactory - Creating shared instance of singleton bean 'org.springframework.boot.autoconfigure.internalCachingMetadataReaderFactory'
2024-05-22 11:30:17.592 [background-preinit] WARN  o.s.h.converter.json.Jackson2ObjectMapperBuilder - For Jackson Kotlin classes support please add "com.fasterxml.jackson.module:jackson-module-kotlin" to the classpath
2024-05-22 11:30:17.782 [main] DEBUG o.s.b.factory.support.DefaultListableBeanFactory - Creating shared instance of singleton bean 'propertySourcesPlaceholderConfigurer'
2024-05-22 11:30:17.789 [main] DEBUG o.s.b.factory.support.DefaultListableBeanFactory - Creating shared instance of singleton bean 'org.springframework.context.event.internalEventListenerProcessor'
2024-05-22 11:30:17.791 [main] DEBUG o.s.b.factory.support.DefaultListableBeanFactory - Creating shared instance of singleton bean 'org.springframework.context.event.internalEventListenerFactory'
2024-05-22 11:30:17.795 [main] DEBUG o.s.b.factory.support.DefaultListableBeanFactory - Creating shared instance of singleton bean 'org.springframework.context.annotation.internalAutowiredAnnotationProcessor'
2024-05-22 11:30:17.797 [main] DEBUG o.s.b.factory.support.DefaultListableBeanFactory - Creating shared instance of singleton bean 'org.springframework.context.annotation.internalCommonAnnotationProcessor'
2024-05-22 11:30:17.822 [main] DEBUG o.s.b.factory.support.DefaultListableBeanFactory - Creating shared instance of singleton bean 'org.springframework.boot.context.properties.ConfigurationPropertiesBindingPostProcessor'
2024-05-22 11:30:17.822 [main] DEBUG o.s.b.factory.support.DefaultListableBeanFactory - Creating shared instance of singleton bean 'org.springframework.boot.context.internalConfigurationPropertiesBinder'
2024-05-22 11:30:17.822 [main] DEBUG o.s.b.factory.support.DefaultListableBeanFactory - Creating shared instance of singleton bean 'org.springframework.boot.context.internalConfigurationPropertiesBinderFactory'
2024-05-22 11:30:17.826 [main] DEBUG o.s.b.factory.support.DefaultListableBeanFactory - Creating shared instance of singleton bean 'configurationPropertiesBeans'
2024-05-22 11:30:17.836 [main] DEBUG o.s.b.factory.support.DefaultListableBeanFactory - Creating shared instance of singleton bean 'bootstrapImportSelectorConfiguration'
2024-05-22 11:30:17.838 [main] DEBUG o.s.b.factory.support.DefaultListableBeanFactory - Creating shared instance of singleton bean 'com.alibaba.cloud.nacos.NacosConfigBootstrapConfiguration'
2024-05-22 11:30:17.840 [main] DEBUG o.s.b.factory.support.DefaultListableBeanFactory - Creating shared instance of singleton bean 'nacosConfigProperties'
2024-05-22 11:30:17.872 [main] DEBUG o.s.b.factory.support.DefaultListableBeanFactory - Creating shared instance of singleton bean 'org.springframework.boot.context.properties.BoundConfigurationProperties'
2024-05-22 11:30:17.889 [main] DEBUG o.s.b.factory.support.DefaultListableBeanFactory - Creating shared instance of singleton bean 'nacosConfigManager'
2024-05-22 11:30:17.891 [main] DEBUG o.s.b.factory.support.DefaultListableBeanFactory - Autowiring by type from bean name 'nacosConfigManager' via factory method to bean named 'nacosConfigProperties'
2024-05-22 11:30:17.988 [main] DEBUG o.s.b.factory.support.DefaultListableBeanFactory - Creating shared instance of singleton bean 'nacosPropertySourceLocator'
2024-05-22 11:30:17.989 [main] DEBUG o.s.b.factory.support.DefaultListableBeanFactory - Autowiring by type from bean name 'nacosPropertySourceLocator' via factory method to bean named 'nacosConfigManager'
2024-05-22 11:30:17.991 [main] DEBUG o.s.b.factory.support.DefaultListableBeanFactory - Creating shared instance of singleton bean 'org.springframework.cloud.bootstrap.config.PropertySourceBootstrapConfiguration'
2024-05-22 11:30:18.002 [main] DEBUG o.s.b.factory.support.DefaultListableBeanFactory - Creating shared instance of singleton bean 'org.springframework.boot.context.properties.ConfigurationBeanFactoryMetadata'
2024-05-22 11:30:18.002 [main] DEBUG o.s.b.factory.support.DefaultListableBeanFactory - Creating shared instance of singleton bean 'spring.cloud.config-org.springframework.cloud.bootstrap.config.PropertySourceBootstrapProperties'
2024-05-22 11:30:18.004 [main] DEBUG o.s.b.factory.support.DefaultListableBeanFactory - Creating shared instance of singleton bean 'org.springframework.cloud.bootstrap.encrypt.EncryptionBootstrapConfiguration'
2024-05-22 11:30:18.007 [main] DEBUG o.s.b.factory.support.DefaultListableBeanFactory - Creating shared instance of singleton bean 'encrypt-org.springframework.cloud.bootstrap.encrypt.KeyProperties'
2024-05-22 11:30:18.010 [main] DEBUG o.s.b.factory.support.DefaultListableBeanFactory - Creating shared instance of singleton bean 'environmentDecryptApplicationListener'
2024-05-22 11:30:18.012 [main] DEBUG o.s.b.factory.support.DefaultListableBeanFactory - Creating shared instance of singleton bean 'org.springframework.cloud.autoconfigure.ConfigurationPropertiesRebinderAutoConfiguration'
2024-05-22 11:30:18.014 [main] DEBUG o.s.b.factory.support.DefaultListableBeanFactory - Creating shared instance of singleton bean 'configurationPropertiesRebinder'
2024-05-22 11:30:18.015 [main] DEBUG o.s.b.factory.support.DefaultListableBeanFactory - Autowiring by type from bean name 'configurationPropertiesRebinder' via factory method to bean named 'configurationPropertiesBeans'
2024-05-22 11:30:18.024 [main] DEBUG o.s.b.factory.support.DefaultListableBeanFactory - Creating shared instance of singleton bean 'org.springframework.boot.autoconfigure.context.PropertyPlaceholderAutoConfiguration'
2024-05-22 11:30:18.027 [main] DEBUG o.s.b.factory.support.DefaultListableBeanFactory - Creating shared instance of singleton bean 'org.springframework.cloud.util.random.CachedRandomPropertySourceAutoConfiguration'
2024-05-22 11:30:18.045 [main] DEBUG o.s.b.a.l.ConditionEvaluationReportLoggingListener - 


============================
CONDITIONS EVALUATION REPORT
============================


Positive matches:
-----------------

   ConfigurationPropertiesRebinderAutoConfiguration matched:
      - @ConditionalOnBean (types: org.springframework.boot.context.properties.ConfigurationPropertiesBindingPostProcessor; SearchStrategy: all) found bean 'org.springframework.boot.context.properties.ConfigurationPropertiesBindingPostProcessor' (OnBeanCondition)

   ConfigurationPropertiesRebinderAutoConfiguration#configurationPropertiesBeans matched:
      - @ConditionalOnMissingBean (types: org.springframework.cloud.context.properties.ConfigurationPropertiesBeans; SearchStrategy: current) did not find any beans (OnBeanCondition)

   ConfigurationPropertiesRebinderAutoConfiguration#configurationPropertiesRebinder matched:
      - @ConditionalOnMissingBean (types: org.springframework.cloud.context.properties.ConfigurationPropertiesRebinder; SearchStrategy: current) did not find any beans (OnBeanCondition)

   EncryptionBootstrapConfiguration matched:
      - @ConditionalOnClass found required class 'org.springframework.security.crypto.encrypt.TextEncryptor' (OnClassCondition)

   NacosConfigBootstrapConfiguration matched:
      - @ConditionalOnProperty (spring.cloud.nacos.config.enabled) matched (OnPropertyCondition)

   NacosConfigBootstrapConfiguration#nacosConfigManager matched:
      - @ConditionalOnMissingBean (types: com.alibaba.cloud.nacos.NacosConfigManager; SearchStrategy: all) did not find any beans (OnBeanCondition)

   NacosConfigBootstrapConfiguration#nacosConfigProperties matched:
      - @ConditionalOnMissingBean (types: com.alibaba.cloud.nacos.NacosConfigProperties; SearchStrategy: all) did not find any beans (OnBeanCondition)

   PropertyPlaceholderAutoConfiguration#propertySourcesPlaceholderConfigurer matched:
      - @ConditionalOnMissingBean (types: org.springframework.context.support.PropertySourcesPlaceholderConfigurer; SearchStrategy: current) did not find any beans (OnBeanCondition)


Negative matches:
-----------------

   EncryptionBootstrapConfiguration.RsaEncryptionConfiguration:
      Did not match:
         - Keystore nor key found in Environment (EncryptionBootstrapConfiguration.KeyCondition)
      Matched:
         - @ConditionalOnClass found required class 'org.springframework.security.rsa.crypto.RsaSecretEncryptor' (OnClassCondition)

   EncryptionBootstrapConfiguration.VanillaEncryptionConfiguration:
      Did not match:
         - @ConditionalOnMissingClass found unwanted class 'org.springframework.security.rsa.crypto.RsaSecretEncryptor' (OnClassCondition)

   NacosDiscoveryClientConfigServiceBootstrapConfiguration:
      Did not match:
         - @ConditionalOnClass did not find required class 'org.springframework.cloud.config.client.ConfigServicePropertySourceLocator' (OnClassCondition)


Exclusions:
-----------

    None


Unconditional classes:
----------------------

    None



2024-05-22 11:30:18.047 [main] DEBUG o.s.core.env.PropertySourcesPropertyResolver - Found key 'spring.liveBeansView.mbeanDomain' in PropertySource 'systemProperties' with value of type String
2024-05-22 11:30:18.663 [main] INFO  c.a.n.client.config.impl.LocalConfigInfoProcessor - LOCAL_SNAPSHOT_PATH:C:\Users\78410\nacos\config
2024-05-22 11:30:18.722 [main] INFO  com.alibaba.nacos.client.config.impl.Limiter - limitTime:5.0
2024-05-22 11:30:20.815 [main] ERROR c.alibaba.nacos.client.config.http.ServerHttpAgent - [NACOS SocketTimeoutException httpGet] currentServerAddr:http://localhost:8848， err : connect timed out
2024-05-22 11:30:22.839 [main] ERROR c.alibaba.nacos.client.config.http.ServerHttpAgent - [NACOS SocketTimeoutException httpGet] currentServerAddr:http://localhost:8848， err : connect timed out
2024-05-22 11:30:22.839 [main] ERROR c.alibaba.nacos.client.config.http.ServerHttpAgent - no available server
2024-05-22 11:30:22.885 [main] ERROR com.alibaba.nacos.client.config.impl.ClientWorker - [fixed-localhost_8848] [sub-server] get server config exception, dataId=userservice, group=DEFAULT_GROUP, tenant=
java.net.ConnectException: no available server
	at com.alibaba.nacos.client.config.http.ServerHttpAgent.httpGet(ServerHttpAgent.java:123)
	at com.alibaba.nacos.client.config.http.MetricsHttpAgent.httpGet(MetricsHttpAgent.java:48)
	at com.alibaba.nacos.client.config.impl.ClientWorker.getServerConfig(ClientWorker.java:230)
	at com.alibaba.nacos.client.config.NacosConfigService.getConfigInner(NacosConfigService.java:143)
	at com.alibaba.nacos.client.config.NacosConfigService.getConfig(NacosConfigService.java:92)
	at com.alibaba.cloud.nacos.client.NacosPropertySourceBuilder.loadNacosData(NacosPropertySourceBuilder.java:85)
	at com.alibaba.cloud.nacos.client.NacosPropertySourceBuilder.build(NacosPropertySourceBuilder.java:74)
	at com.alibaba.cloud.nacos.client.NacosPropertySourceLocator.loadNacosPropertySource(NacosPropertySourceLocator.java:204)
	at com.alibaba.cloud.nacos.client.NacosPropertySourceLocator.loadNacosDataIfPresent(NacosPropertySourceLocator.java:191)
	at com.alibaba.cloud.nacos.client.NacosPropertySourceLocator.loadApplicationConfiguration(NacosPropertySourceLocator.java:142)
	at com.alibaba.cloud.nacos.client.NacosPropertySourceLocator.locate(NacosPropertySourceLocator.java:103)
	at org.springframework.cloud.bootstrap.config.PropertySourceLocator.locateCollection(PropertySourceLocator.java:52)
	at org.springframework.cloud.bootstrap.config.PropertySourceLocator.locateCollection(PropertySourceLocator.java:47)
	at org.springframework.cloud.bootstrap.config.PropertySourceBootstrapConfiguration.initialize(PropertySourceBootstrapConfiguration.java:98)
	at org.springframework.boot.SpringApplication.applyInitializers(SpringApplication.java:626)
	at org.springframework.boot.SpringApplication.prepareContext(SpringApplication.java:370)
	at org.springframework.boot.SpringApplication.run(SpringApplication.java:314)
	at org.springframework.boot.SpringApplication.run(SpringApplication.java:1237)
	at org.springframework.boot.SpringApplication.run(SpringApplication.java:1226)
	at com.studentManager.user.UserApplication.main(UserApplication.java:15)
2024-05-22 11:30:22.885 [main] WARN  com.alibaba.nacos.client.config.NacosConfigService - [fixed-localhost_8848] [get-config] get from server error, dataId=userservice, group=DEFAULT_GROUP, tenant=, msg=ErrCode:500, ErrMsg:no available server
2024-05-22 11:30:22.886 [main] WARN  com.alibaba.nacos.client.config.NacosConfigService - [fixed-localhost_8848] [get-config] get snapshot ok, dataId=userservice, group=DEFAULT_GROUP, tenant=, config=
2024-05-22 11:30:22.889 [main] WARN  c.a.cloud.nacos.client.NacosPropertySourceBuilder - Ignore the empty nacos configuration and get it based on dataId[userservice] & group[DEFAULT_GROUP]
2024-05-22 11:30:24.935 [main] ERROR c.alibaba.nacos.client.config.http.ServerHttpAgent - [NACOS SocketTimeoutException httpGet] currentServerAddr:http://localhost:8848， err : connect timed out
